Analysis & Synthesis report for Lab3
Wed Dec 11 19:41:49 2019
Quartus Prime Version 18.1.0 Build 625 09/12/2018 SJ Lite Edition


---------------------
; Table of Contents ;
---------------------
  1. Legal Notice
  2. Analysis & Synthesis Summary
  3. Analysis & Synthesis Settings
  4. Parallel Compilation
  5. Analysis & Synthesis Source Files Read
  6. Analysis & Synthesis Resource Usage Summary
  7. Analysis & Synthesis Resource Utilization by Entity
  8. Analysis & Synthesis RAM Summary
  9. Analysis & Synthesis IP Cores Summary
 10. User-Specified and Inferred Latches
 11. Registers Removed During Synthesis
 12. General Register Statistics
 13. Inverted Register Statistics
 14. Multiplexer Restructuring Statistics (Restructuring Performed)
 15. Source assignments for mem:auto_state|altsyncram:altsyncram_component|altsyncram_f691:auto_generated
 16. Parameter Settings for User Entity Instance: clock_divider:system_control
 17. Parameter Settings for User Entity Instance: mem:auto_state|altsyncram:altsyncram_component
 18. altsyncram Parameter Settings by Entity Instance
 19. Port Connectivity Checks: "output_control:control_output|sevenseg:currentstate"
 20. Post-Synthesis Netlist Statistics for Top Partition
 21. Elapsed Time Per Partition
 22. Analysis & Synthesis Messages
 23. Analysis & Synthesis Suppressed Messages



----------------
; Legal Notice ;
----------------
Copyright (C) 2018  Intel Corporation. All rights reserved.
Your use of Intel Corporation's design tools, logic functions 
and other software and tools, and its AMPP partner logic 
functions, and any output files from any of the foregoing 
(including device programming or simulation files), and any 
associated documentation or information are expressly subject 
to the terms and conditions of the Intel Program License 
Subscription Agreement, the Intel Quartus Prime License Agreement,
the Intel FPGA IP License Agreement, or other applicable license
agreement, including, without limitation, that your use is for
the sole purpose of programming logic devices manufactured by
Intel and sold by Intel or its authorized distributors.  Please
refer to the applicable agreement for further details.



+----------------------------------------------------------------------------------+
; Analysis & Synthesis Summary                                                     ;
+------------------------------------+---------------------------------------------+
; Analysis & Synthesis Status        ; Successful - Wed Dec 11 19:41:48 2019       ;
; Quartus Prime Version              ; 18.1.0 Build 625 09/12/2018 SJ Lite Edition ;
; Revision Name                      ; Lab3                                        ;
; Top-level Entity Name              ; Lab3                                        ;
; Family                             ; MAX 10                                      ;
; Total logic elements               ; 71                                          ;
;     Total combinational functions  ; 71                                          ;
;     Dedicated logic registers      ; 38                                          ;
; Total registers                    ; 38                                          ;
; Total pins                         ; 149                                         ;
; Total virtual pins                 ; 0                                           ;
; Total memory bits                  ; 8                                           ;
; Embedded Multiplier 9-bit elements ; 0                                           ;
; Total PLLs                         ; 0                                           ;
; UFM blocks                         ; 0                                           ;
; ADC blocks                         ; 0                                           ;
+------------------------------------+---------------------------------------------+


+------------------------------------------------------------------------------------------------------------+
; Analysis & Synthesis Settings                                                                              ;
+------------------------------------------------------------------+--------------------+--------------------+
; Option                                                           ; Setting            ; Default Value      ;
+------------------------------------------------------------------+--------------------+--------------------+
; Device                                                           ; 10M50DAF484C7G     ;                    ;
; Top-level entity name                                            ; Lab3               ; Lab3               ;
; Family name                                                      ; MAX 10             ; Cyclone V          ;
; Use smart compilation                                            ; Off                ; Off                ;
; Enable parallel Assembler and Timing Analyzer during compilation ; On                 ; On                 ;
; Enable compact report table                                      ; Off                ; Off                ;
; Restructure Multiplexers                                         ; Auto               ; Auto               ;
; Create Debugging Nodes for IP Cores                              ; Off                ; Off                ;
; Preserve fewer node names                                        ; On                 ; On                 ;
; Intel FPGA IP Evaluation Mode                                    ; Enable             ; Enable             ;
; Verilog Version                                                  ; Verilog_2001       ; Verilog_2001       ;
; VHDL Version                                                     ; VHDL_1993          ; VHDL_1993          ;
; State Machine Processing                                         ; Auto               ; Auto               ;
; Safe State Machine                                               ; Off                ; Off                ;
; Extract Verilog State Machines                                   ; On                 ; On                 ;
; Extract VHDL State Machines                                      ; On                 ; On                 ;
; Ignore Verilog initial constructs                                ; Off                ; Off                ;
; Iteration limit for constant Verilog loops                       ; 5000               ; 5000               ;
; Iteration limit for non-constant Verilog loops                   ; 250                ; 250                ;
; Add Pass-Through Logic to Inferred RAMs                          ; On                 ; On                 ;
; Infer RAMs from Raw Logic                                        ; On                 ; On                 ;
; Parallel Synthesis                                               ; On                 ; On                 ;
; DSP Block Balancing                                              ; Auto               ; Auto               ;
; NOT Gate Push-Back                                               ; On                 ; On                 ;
; Power-Up Don't Care                                              ; On                 ; On                 ;
; Remove Redundant Logic Cells                                     ; Off                ; Off                ;
; Remove Duplicate Registers                                       ; On                 ; On                 ;
; Ignore CARRY Buffers                                             ; Off                ; Off                ;
; Ignore CASCADE Buffers                                           ; Off                ; Off                ;
; Ignore GLOBAL Buffers                                            ; Off                ; Off                ;
; Ignore ROW GLOBAL Buffers                                        ; Off                ; Off                ;
; Ignore LCELL Buffers                                             ; Off                ; Off                ;
; Ignore SOFT Buffers                                              ; On                 ; On                 ;
; Limit AHDL Integers to 32 Bits                                   ; Off                ; Off                ;
; Optimization Technique                                           ; Balanced           ; Balanced           ;
; Carry Chain Length                                               ; 70                 ; 70                 ;
; Auto Carry Chains                                                ; On                 ; On                 ;
; Auto Open-Drain Pins                                             ; On                 ; On                 ;
; Perform WYSIWYG Primitive Resynthesis                            ; Off                ; Off                ;
; Auto ROM Replacement                                             ; On                 ; On                 ;
; Auto RAM Replacement                                             ; On                 ; On                 ;
; Auto DSP Block Replacement                                       ; On                 ; On                 ;
; Auto Shift Register Replacement                                  ; Auto               ; Auto               ;
; Allow Shift Register Merging across Hierarchies                  ; Auto               ; Auto               ;
; Auto Clock Enable Replacement                                    ; On                 ; On                 ;
; Strict RAM Replacement                                           ; Off                ; Off                ;
; Allow Synchronous Control Signals                                ; On                 ; On                 ;
; Force Use of Synchronous Clear Signals                           ; Off                ; Off                ;
; Auto RAM Block Balancing                                         ; On                 ; On                 ;
; Auto RAM to Logic Cell Conversion                                ; Off                ; Off                ;
; Auto Resource Sharing                                            ; Off                ; Off                ;
; Allow Any RAM Size For Recognition                               ; Off                ; Off                ;
; Allow Any ROM Size For Recognition                               ; Off                ; Off                ;
; Allow Any Shift Register Size For Recognition                    ; Off                ; Off                ;
; Use LogicLock Constraints during Resource Balancing              ; On                 ; On                 ;
; Ignore translate_off and synthesis_off directives                ; Off                ; Off                ;
; Timing-Driven Synthesis                                          ; On                 ; On                 ;
; Report Parameter Settings                                        ; On                 ; On                 ;
; Report Source Assignments                                        ; On                 ; On                 ;
; Report Connectivity Checks                                       ; On                 ; On                 ;
; Ignore Maximum Fan-Out Assignments                               ; Off                ; Off                ;
; Synchronization Register Chain Length                            ; 2                  ; 2                  ;
; Power Optimization During Synthesis                              ; Normal compilation ; Normal compilation ;
; HDL message level                                                ; Level2             ; Level2             ;
; Suppress Register Optimization Related Messages                  ; Off                ; Off                ;
; Number of Removed Registers Reported in Synthesis Report         ; 5000               ; 5000               ;
; Number of Swept Nodes Reported in Synthesis Report               ; 5000               ; 5000               ;
; Number of Inverted Registers Reported in Synthesis Report        ; 100                ; 100                ;
; Clock MUX Protection                                             ; On                 ; On                 ;
; Auto Gated Clock Conversion                                      ; Off                ; Off                ;
; Block Design Naming                                              ; Auto               ; Auto               ;
; SDC constraint protection                                        ; Off                ; Off                ;
; Synthesis Effort                                                 ; Auto               ; Auto               ;
; Shift Register Replacement - Allow Asynchronous Clear Signal     ; On                 ; On                 ;
; Pre-Mapping Resynthesis Optimization                             ; Off                ; Off                ;
; Analysis & Synthesis Message Level                               ; Medium             ; Medium             ;
; Disable Register Merging Across Hierarchies                      ; Auto               ; Auto               ;
; Resource Aware Inference For Block RAM                           ; On                 ; On                 ;
+------------------------------------------------------------------+--------------------+--------------------+


+------------------------------------------+
; Parallel Compilation                     ;
+----------------------------+-------------+
; Processors                 ; Number      ;
+----------------------------+-------------+
; Number detected on machine ; 4           ;
; Maximum allowed            ; 2           ;
;                            ;             ;
; Average used               ; 1.00        ;
; Maximum used               ; 2           ;
;                            ;             ;
; Usage by Processor         ; % Time Used ;
;     Processor 1            ; 100.0%      ;
;     Processor 2            ;   0.0%      ;
+----------------------------+-------------+


+-----------------------------------------------------------------------------------------------------------------------------------------------------------------------------------------+
; Analysis & Synthesis Source Files Read                                                                                                                                                  ;
+----------------------------------+-----------------+----------------------------------------+---------------------------------------------------------------------------------+---------+
; File Name with User-Entered Path ; Used in Netlist ; File Type                              ; File Name with Absolute Path                                                    ; Library ;
+----------------------------------+-----------------+----------------------------------------+---------------------------------------------------------------------------------+---------+
; mem.v                            ; yes             ; User Wizard-Generated File             ; C:/Users/xutao/Desktop/Digital_Logic/Lab-3-Digital-Logic/mem.v                  ;         ;
; lab3.v                           ; yes             ; Auto-Found Verilog HDL File            ; C:/Users/xutao/Desktop/Digital_Logic/Lab-3-Digital-Logic/lab3.v                 ;         ;
; clock_divider.v                  ; yes             ; Auto-Found Verilog HDL File            ; C:/Users/xutao/Desktop/Digital_Logic/Lab-3-Digital-Logic/clock_divider.v        ;         ;
; altsyncram.tdf                   ; yes             ; Megafunction                           ; c:/intelfpga_lite/18.1/quartus/libraries/megafunctions/altsyncram.tdf           ;         ;
; stratix_ram_block.inc            ; yes             ; Megafunction                           ; c:/intelfpga_lite/18.1/quartus/libraries/megafunctions/stratix_ram_block.inc    ;         ;
; lpm_mux.inc                      ; yes             ; Megafunction                           ; c:/intelfpga_lite/18.1/quartus/libraries/megafunctions/lpm_mux.inc              ;         ;
; lpm_decode.inc                   ; yes             ; Megafunction                           ; c:/intelfpga_lite/18.1/quartus/libraries/megafunctions/lpm_decode.inc           ;         ;
; aglobal181.inc                   ; yes             ; Megafunction                           ; c:/intelfpga_lite/18.1/quartus/libraries/megafunctions/aglobal181.inc           ;         ;
; a_rdenreg.inc                    ; yes             ; Megafunction                           ; c:/intelfpga_lite/18.1/quartus/libraries/megafunctions/a_rdenreg.inc            ;         ;
; altrom.inc                       ; yes             ; Megafunction                           ; c:/intelfpga_lite/18.1/quartus/libraries/megafunctions/altrom.inc               ;         ;
; altram.inc                       ; yes             ; Megafunction                           ; c:/intelfpga_lite/18.1/quartus/libraries/megafunctions/altram.inc               ;         ;
; altdpram.inc                     ; yes             ; Megafunction                           ; c:/intelfpga_lite/18.1/quartus/libraries/megafunctions/altdpram.inc             ;         ;
; db/altsyncram_f691.tdf           ; yes             ; Auto-Generated Megafunction            ; C:/Users/xutao/Desktop/Digital_Logic/Lab-3-Digital-Logic/db/altsyncram_f691.tdf ;         ;
; memory.mif                       ; yes             ; Auto-Found Memory Initialization File  ; C:/Users/xutao/Desktop/Digital_Logic/Lab-3-Digital-Logic/memory.mif             ;         ;
; output_control.v                 ; yes             ; Auto-Found Verilog HDL File            ; C:/Users/xutao/Desktop/Digital_Logic/Lab-3-Digital-Logic/output_control.v       ;         ;
; sevenseg.v                       ; yes             ; Auto-Found Verilog HDL File            ; C:/Users/xutao/Desktop/Digital_Logic/Lab-3-Digital-Logic/sevenseg.v             ;         ;
; turn_lights.v                    ; yes             ; Auto-Found Verilog HDL File            ; C:/Users/xutao/Desktop/Digital_Logic/Lab-3-Digital-Logic/turn_lights.v          ;         ;
; hazard_lights.v                  ; yes             ; Auto-Found Verilog HDL File            ; C:/Users/xutao/Desktop/Digital_Logic/Lab-3-Digital-Logic/hazard_lights.v        ;         ;
+----------------------------------+-----------------+----------------------------------------+---------------------------------------------------------------------------------+---------+


+-----------------------------------------------------+
; Analysis & Synthesis Resource Usage Summary         ;
+---------------------------------------------+-------+
; Resource                                    ; Usage ;
+---------------------------------------------+-------+
; Estimated Total logic elements              ; 71    ;
;                                             ;       ;
; Total combinational functions               ; 71    ;
; Logic element usage by number of LUT inputs ;       ;
;     -- 4 input functions                    ; 29    ;
;     -- 3 input functions                    ; 11    ;
;     -- <=2 input functions                  ; 31    ;
;                                             ;       ;
; Logic elements by mode                      ;       ;
;     -- normal mode                          ; 48    ;
;     -- arithmetic mode                      ; 23    ;
;                                             ;       ;
; Total registers                             ; 38    ;
;     -- Dedicated logic registers            ; 38    ;
;     -- I/O registers                        ; 0     ;
;                                             ;       ;
; I/O pins                                    ; 149   ;
; Total memory bits                           ; 8     ;
;                                             ;       ;
; Embedded Multiplier 9-bit elements          ; 0     ;
;                                             ;       ;
; Maximum fan-out node                        ; reset ;
; Maximum fan-out                             ; 39    ;
; Total fan-out                               ; 525   ;
; Average fan-out                             ; 1.18  ;
+---------------------------------------------+-------+


+-----------------------------------------------------------------------------------------------------------------------------------------------------------------------------------------------------------------------------------------------------------------------------------------------------------------------+
; Analysis & Synthesis Resource Utilization by Entity                                                                                                                                                                                                                                                                   ;
+-------------------------------------------+---------------------+---------------------------+-------------+------------+--------------+---------+-----------+------+--------------+------------+-------------------------------------------------------------------------------------+-----------------+--------------+
; Compilation Hierarchy Node                ; Combinational ALUTs ; Dedicated Logic Registers ; Memory Bits ; UFM Blocks ; DSP Elements ; DSP 9x9 ; DSP 18x18 ; Pins ; Virtual Pins ; ADC blocks ; Full Hierarchy Name                                                                 ; Entity Name     ; Library Name ;
+-------------------------------------------+---------------------+---------------------------+-------------+------------+--------------+---------+-----------+------+--------------+------------+-------------------------------------------------------------------------------------+-----------------+--------------+
; |Lab3                                     ; 71 (8)              ; 38 (7)                    ; 8           ; 0          ; 0            ; 0       ; 0         ; 149  ; 0            ; 0          ; |Lab3                                                                               ; Lab3            ; work         ;
;    |clock_divider:system_control|         ; 40 (40)             ; 25 (25)                   ; 0           ; 0          ; 0            ; 0       ; 0         ; 0    ; 0            ; 0          ; |Lab3|clock_divider:system_control                                                  ; clock_divider   ; work         ;
;    |mem:auto_state|                       ; 0 (0)               ; 0 (0)                     ; 8           ; 0          ; 0            ; 0       ; 0         ; 0    ; 0            ; 0          ; |Lab3|mem:auto_state                                                                ; mem             ; work         ;
;       |altsyncram:altsyncram_component|   ; 0 (0)               ; 0 (0)                     ; 8           ; 0          ; 0            ; 0       ; 0         ; 0    ; 0            ; 0          ; |Lab3|mem:auto_state|altsyncram:altsyncram_component                                ; altsyncram      ; work         ;
;          |altsyncram_f691:auto_generated| ; 0 (0)               ; 0 (0)                     ; 8           ; 0          ; 0            ; 0       ; 0         ; 0    ; 0            ; 0          ; |Lab3|mem:auto_state|altsyncram:altsyncram_component|altsyncram_f691:auto_generated ; altsyncram_f691 ; work         ;
;    |output_control:control_output|        ; 23 (11)             ; 6 (0)                     ; 0           ; 0          ; 0            ; 0       ; 0         ; 0    ; 0            ; 0          ; |Lab3|output_control:control_output                                                 ; output_control  ; work         ;
;       |hazard_lights:hazard_control|      ; 1 (1)               ; 1 (1)                     ; 0           ; 0          ; 0            ; 0       ; 0         ; 0    ; 0            ; 0          ; |Lab3|output_control:control_output|hazard_lights:hazard_control                    ; hazard_lights   ; work         ;
;       |sevenseg:currentstate|             ; 3 (3)               ; 0 (0)                     ; 0           ; 0          ; 0            ; 0       ; 0         ; 0    ; 0            ; 0          ; |Lab3|output_control:control_output|sevenseg:currentstate                           ; sevenseg        ; work         ;
;       |turn_lights:control|               ; 8 (8)               ; 5 (5)                     ; 0           ; 0          ; 0            ; 0       ; 0         ; 0    ; 0            ; 0          ; |Lab3|output_control:control_output|turn_lights:control                             ; turn_lights     ; work         ;
+-------------------------------------------+---------------------+---------------------------+-------------+------------+--------------+---------+-----------+------+--------------+------------+-------------------------------------------------------------------------------------+-----------------+--------------+
Note: For table entries with two numbers listed, the numbers in parentheses indicate the number of resources of the given type used by the specific entity alone. The numbers listed outside of parentheses indicate the total resources of the given type used by the specific entity and all of its sub-entities in the hierarchy.


+----------------------------------------------------------------------------------------------------------------------------------------------------------------------------------------+
; Analysis & Synthesis RAM Summary                                                                                                                                                       ;
+------------------------------------------------------------------------------------------+------+------+--------------+--------------+--------------+--------------+------+------------+
; Name                                                                                     ; Type ; Mode ; Port A Depth ; Port A Width ; Port B Depth ; Port B Width ; Size ; MIF        ;
+------------------------------------------------------------------------------------------+------+------+--------------+--------------+--------------+--------------+------+------------+
; mem:auto_state|altsyncram:altsyncram_component|altsyncram_f691:auto_generated|ALTSYNCRAM ; AUTO ; ROM  ; 4            ; 2            ; --           ; --           ; 8    ; memory.mif ;
+------------------------------------------------------------------------------------------+------+------+--------------+--------------+--------------+--------------+------+------------+


+--------------------------------------------------------------------------------------------------------+
; Analysis & Synthesis IP Cores Summary                                                                  ;
+--------+--------------+---------+--------------+--------------+----------------------+-----------------+
; Vendor ; IP Core Name ; Version ; Release Date ; License Type ; Entity Instance      ; IP Include File ;
+--------+--------------+---------+--------------+--------------+----------------------+-----------------+
; Altera ; ROM: 1-PORT  ; 18.1    ; N/A          ; N/A          ; |Lab3|mem:auto_state ; mem.v           ;
+--------+--------------+---------+--------------+--------------+----------------------+-----------------+


+---------------------------------------------------------------------------------------------------+
; User-Specified and Inferred Latches                                                               ;
+----------------------------------------------------+---------------------+------------------------+
; Latch Name                                         ; Latch Enable Signal ; Free of Timing Hazards ;
+----------------------------------------------------+---------------------+------------------------+
; output_control:control_output|left_right           ; GND                 ; yes                    ;
; Number of user-specified and inferred latches = 1  ;                     ;                        ;
+----------------------------------------------------+---------------------+------------------------+
Note: All latches listed above may not be present at the end of synthesis due to various synthesis optimizations.


+--------------------------------------------------------------------------------------------------------------------------------------------------------------------+
; Registers Removed During Synthesis                                                                                                                                 ;
+-----------------------------------------------------------------------------+--------------------------------------------------------------------------------------+
; Register name                                                               ; Reason for Removal                                                                   ;
+-----------------------------------------------------------------------------+--------------------------------------------------------------------------------------+
; output_control:control_output|hazard_lights:hazard_control|hazard_out[1..5] ; Merged with output_control:control_output|hazard_lights:hazard_control|hazard_out[0] ;
; output_control:control_output|turn_lights:control|lights_out[1]             ; Merged with output_control:control_output|turn_lights:control|lights[1]              ;
; Total Number of Removed Registers = 6                                       ;                                                                                      ;
+-----------------------------------------------------------------------------+--------------------------------------------------------------------------------------+


+------------------------------------------------------+
; General Register Statistics                          ;
+----------------------------------------------+-------+
; Statistic                                    ; Value ;
+----------------------------------------------+-------+
; Total registers                              ; 38    ;
; Number of registers using Synchronous Clear  ; 0     ;
; Number of registers using Synchronous Load   ; 0     ;
; Number of registers using Asynchronous Clear ; 35    ;
; Number of registers using Asynchronous Load  ; 0     ;
; Number of registers using Clock Enable       ; 4     ;
; Number of registers using Preset             ; 0     ;
+----------------------------------------------+-------+


+--------------------------------------------------+
; Inverted Register Statistics                     ;
+----------------------------------------+---------+
; Inverted Register                      ; Fan out ;
+----------------------------------------+---------+
; reset                                  ; 39      ;
; Total number of inverted registers = 1 ;         ;
+----------------------------------------+---------+


+-------------------------------------------------------------------------------------------------------------------------------------------------------------------------------------+
; Multiplexer Restructuring Statistics (Restructuring Performed)                                                                                                                      ;
+--------------------+-----------+---------------+----------------------+------------------------+------------+-----------------------------------------------------------------------+
; Multiplexer Inputs ; Bus Width ; Baseline Area ; Area if Restructured ; Saving if Restructured ; Registered ; Example Multiplexer Output                                            ;
+--------------------+-----------+---------------+----------------------+------------------------+------------+-----------------------------------------------------------------------+
; 3:1                ; 2 bits    ; 4 LEs         ; 2 LEs                ; 2 LEs                  ; Yes        ; |Lab3|output_control:control_output|turn_lights:control|lights[0]     ;
; 4:1                ; 2 bits    ; 4 LEs         ; 4 LEs                ; 0 LEs                  ; Yes        ; |Lab3|output_control:control_output|turn_lights:control|lights_out[2] ;
; 5:1                ; 3 bits    ; 9 LEs         ; 6 LEs                ; 3 LEs                  ; No         ; |Lab3|output_control:control_output|LEDR[9]                           ;
; 5:1                ; 3 bits    ; 9 LEs         ; 6 LEs                ; 3 LEs                  ; No         ; |Lab3|output_control:control_output|LEDR[2]                           ;
+--------------------+-----------+---------------+----------------------+------------------------+------------+-----------------------------------------------------------------------+


+------------------------------------------------------------------------------------------------------+
; Source assignments for mem:auto_state|altsyncram:altsyncram_component|altsyncram_f691:auto_generated ;
+---------------------------------+--------------------+------+----------------------------------------+
; Assignment                      ; Value              ; From ; To                                     ;
+---------------------------------+--------------------+------+----------------------------------------+
; OPTIMIZE_POWER_DURING_SYNTHESIS ; NORMAL_COMPILATION ; -    ; -                                      ;
+---------------------------------+--------------------+------+----------------------------------------+


+---------------------------------------------------------------------------+
; Parameter Settings for User Entity Instance: clock_divider:system_control ;
+----------------+---------+------------------------------------------------+
; Parameter Name ; Value   ; Type                                           ;
+----------------+---------+------------------------------------------------+
; counter_limit  ; 5000000 ; Signed Integer                                 ;
+----------------+---------+------------------------------------------------+
Note: In order to hide this table in the UI and the text report file, please set the "Show Parameter Settings in Synthesis Report" option in "Analysis and Synthesis Settings -> More Settings" to "Off".


+---------------------------------------------------------------------------------------------+
; Parameter Settings for User Entity Instance: mem:auto_state|altsyncram:altsyncram_component ;
+------------------------------------+----------------------+---------------------------------+
; Parameter Name                     ; Value                ; Type                            ;
+------------------------------------+----------------------+---------------------------------+
; BYTE_SIZE_BLOCK                    ; 8                    ; Untyped                         ;
; AUTO_CARRY_CHAINS                  ; ON                   ; AUTO_CARRY                      ;
; IGNORE_CARRY_BUFFERS               ; OFF                  ; IGNORE_CARRY                    ;
; AUTO_CASCADE_CHAINS                ; ON                   ; AUTO_CASCADE                    ;
; IGNORE_CASCADE_BUFFERS             ; OFF                  ; IGNORE_CASCADE                  ;
; WIDTH_BYTEENA                      ; 1                    ; Untyped                         ;
; OPERATION_MODE                     ; ROM                  ; Untyped                         ;
; WIDTH_A                            ; 2                    ; Signed Integer                  ;
; WIDTHAD_A                          ; 2                    ; Signed Integer                  ;
; NUMWORDS_A                         ; 4                    ; Signed Integer                  ;
; OUTDATA_REG_A                      ; UNREGISTERED         ; Untyped                         ;
; ADDRESS_ACLR_A                     ; NONE                 ; Untyped                         ;
; OUTDATA_ACLR_A                     ; NONE                 ; Untyped                         ;
; WRCONTROL_ACLR_A                   ; NONE                 ; Untyped                         ;
; INDATA_ACLR_A                      ; NONE                 ; Untyped                         ;
; BYTEENA_ACLR_A                     ; NONE                 ; Untyped                         ;
; WIDTH_B                            ; 1                    ; Untyped                         ;
; WIDTHAD_B                          ; 1                    ; Untyped                         ;
; NUMWORDS_B                         ; 1                    ; Untyped                         ;
; INDATA_REG_B                       ; CLOCK1               ; Untyped                         ;
; WRCONTROL_WRADDRESS_REG_B          ; CLOCK1               ; Untyped                         ;
; RDCONTROL_REG_B                    ; CLOCK1               ; Untyped                         ;
; ADDRESS_REG_B                      ; CLOCK1               ; Untyped                         ;
; OUTDATA_REG_B                      ; UNREGISTERED         ; Untyped                         ;
; BYTEENA_REG_B                      ; CLOCK1               ; Untyped                         ;
; INDATA_ACLR_B                      ; NONE                 ; Untyped                         ;
; WRCONTROL_ACLR_B                   ; NONE                 ; Untyped                         ;
; ADDRESS_ACLR_B                     ; NONE                 ; Untyped                         ;
; OUTDATA_ACLR_B                     ; NONE                 ; Untyped                         ;
; RDCONTROL_ACLR_B                   ; NONE                 ; Untyped                         ;
; BYTEENA_ACLR_B                     ; NONE                 ; Untyped                         ;
; WIDTH_BYTEENA_A                    ; 1                    ; Signed Integer                  ;
; WIDTH_BYTEENA_B                    ; 1                    ; Untyped                         ;
; RAM_BLOCK_TYPE                     ; AUTO                 ; Untyped                         ;
; BYTE_SIZE                          ; 8                    ; Untyped                         ;
; READ_DURING_WRITE_MODE_MIXED_PORTS ; DONT_CARE            ; Untyped                         ;
; READ_DURING_WRITE_MODE_PORT_A      ; NEW_DATA_NO_NBE_READ ; Untyped                         ;
; READ_DURING_WRITE_MODE_PORT_B      ; NEW_DATA_NO_NBE_READ ; Untyped                         ;
; INIT_FILE                          ; memory.mif           ; Untyped                         ;
; INIT_FILE_LAYOUT                   ; PORT_A               ; Untyped                         ;
; MAXIMUM_DEPTH                      ; 0                    ; Untyped                         ;
; CLOCK_ENABLE_INPUT_A               ; BYPASS               ; Untyped                         ;
; CLOCK_ENABLE_INPUT_B               ; NORMAL               ; Untyped                         ;
; CLOCK_ENABLE_OUTPUT_A              ; BYPASS               ; Untyped                         ;
; CLOCK_ENABLE_OUTPUT_B              ; NORMAL               ; Untyped                         ;
; CLOCK_ENABLE_CORE_A                ; USE_INPUT_CLKEN      ; Untyped                         ;
; CLOCK_ENABLE_CORE_B                ; USE_INPUT_CLKEN      ; Untyped                         ;
; ENABLE_ECC                         ; FALSE                ; Untyped                         ;
; ECC_PIPELINE_STAGE_ENABLED         ; FALSE                ; Untyped                         ;
; WIDTH_ECCSTATUS                    ; 3                    ; Untyped                         ;
; DEVICE_FAMILY                      ; MAX 10               ; Untyped                         ;
; CBXI_PARAMETER                     ; altsyncram_f691      ; Untyped                         ;
+------------------------------------+----------------------+---------------------------------+
Note: In order to hide this table in the UI and the text report file, please set the "Show Parameter Settings in Synthesis Report" option in "Analysis and Synthesis Settings -> More Settings" to "Off".


+--------------------------------------------------------------------------------------------+
; altsyncram Parameter Settings by Entity Instance                                           ;
+-------------------------------------------+------------------------------------------------+
; Name                                      ; Value                                          ;
+-------------------------------------------+------------------------------------------------+
; Number of entity instances                ; 1                                              ;
; Entity Instance                           ; mem:auto_state|altsyncram:altsyncram_component ;
;     -- OPERATION_MODE                     ; ROM                                            ;
;     -- WIDTH_A                            ; 2                                              ;
;     -- NUMWORDS_A                         ; 4                                              ;
;     -- OUTDATA_REG_A                      ; UNREGISTERED                                   ;
;     -- WIDTH_B                            ; 1                                              ;
;     -- NUMWORDS_B                         ; 1                                              ;
;     -- ADDRESS_REG_B                      ; CLOCK1                                         ;
;     -- OUTDATA_REG_B                      ; UNREGISTERED                                   ;
;     -- RAM_BLOCK_TYPE                     ; AUTO                                           ;
;     -- READ_DURING_WRITE_MODE_MIXED_PORTS ; DONT_CARE                                      ;
+-------------------------------------------+------------------------------------------------+


+---------------------------------------------------------------------------------+
; Port Connectivity Checks: "output_control:control_output|sevenseg:currentstate" ;
+-------------+-------+----------+------------------------------------------------+
; Port        ; Type  ; Severity ; Details                                        ;
+-------------+-------+----------+------------------------------------------------+
; value[5..2] ; Input ; Info     ; Stuck at GND                                   ;
+-------------+-------+----------+------------------------------------------------+


+-----------------------------------------------------+
; Post-Synthesis Netlist Statistics for Top Partition ;
+-----------------------+-----------------------------+
; Type                  ; Count                       ;
+-----------------------+-----------------------------+
; boundary_port         ; 149                         ;
; cycloneiii_ff         ; 38                          ;
;     CLR               ; 31                          ;
;     ENA CLR           ; 4                           ;
;     plain             ; 3                           ;
; cycloneiii_io_obuf    ; 35                          ;
; cycloneiii_lcell_comb ; 74                          ;
;     arith             ; 23                          ;
;         2 data inputs ; 23                          ;
;     normal            ; 51                          ;
;         0 data inputs ; 2                           ;
;         1 data inputs ; 4                           ;
;         2 data inputs ; 5                           ;
;         3 data inputs ; 11                          ;
;         4 data inputs ; 29                          ;
; cycloneiii_ram_block  ; 2                           ;
;                       ;                             ;
; Max LUT depth         ; 4.20                        ;
; Average LUT depth     ; 2.15                        ;
+-----------------------+-----------------------------+


+-------------------------------+
; Elapsed Time Per Partition    ;
+----------------+--------------+
; Partition Name ; Elapsed Time ;
+----------------+--------------+
; Top            ; 00:00:01     ;
+----------------+--------------+


+-------------------------------+
; Analysis & Synthesis Messages ;
+-------------------------------+
Info: *******************************************************************
Info: Running Quartus Prime Analysis & Synthesis
    Info: Version 18.1.0 Build 625 09/12/2018 SJ Lite Edition
    Info: Processing started: Wed Dec 11 19:41:10 2019
Info: Command: quartus_map --read_settings_files=on --write_settings_files=off Lab3 -c Lab3
Warning (18236): Number of processors has not been specified which may cause overloading on shared machines.  Set the global assignment NUM_PARALLEL_PROCESSORS in your QSF to an appropriate value for best performance.
Info (20030): Parallel compilation is enabled and will use 2 of the 2 processors detected
Info (12021): Found 1 design units, including 1 entities, in source file mem.v
    Info (12023): Found entity 1: mem File: C:/Users/xutao/Desktop/Digital_Logic/Lab-3-Digital-Logic/mem.v Line: 39
Warning (12125): Using design file lab3.v, which is not specified as a design file for the current project, but contains definitions for 1 design units and 1 entities in project
    Info (12023): Found entity 1: Lab3 File: C:/Users/xutao/Desktop/Digital_Logic/Lab-3-Digital-Logic/lab3.v Line: 6
Info (12127): Elaborating entity "Lab3" for the top level hierarchy
Warning (10230): Verilog HDL assignment warning at lab3.v(93): truncated value with size 32 to match size of target (2) File: C:/Users/xutao/Desktop/Digital_Logic/Lab-3-Digital-Logic/lab3.v Line: 93
Warning (10230): Verilog HDL assignment warning at lab3.v(99): truncated value with size 32 to match size of target (4) File: C:/Users/xutao/Desktop/Digital_Logic/Lab-3-Digital-Logic/lab3.v Line: 99
Warning (10034): Output port "DRAM_ADDR" at lab3.v(14) has no driver File: C:/Users/xutao/Desktop/Digital_Logic/Lab-3-Digital-Logic/lab3.v Line: 14
Warning (10034): Output port "DRAM_BA" at lab3.v(15) has no driver File: C:/Users/xutao/Desktop/Digital_Logic/Lab-3-Digital-Logic/lab3.v Line: 15
Warning (10034): Output port "VGA_B" at lab3.v(44) has no driver File: C:/Users/xutao/Desktop/Digital_Logic/Lab-3-Digital-Logic/lab3.v Line: 44
Warning (10034): Output port "VGA_G" at lab3.v(45) has no driver File: C:/Users/xutao/Desktop/Digital_Logic/Lab-3-Digital-Logic/lab3.v Line: 45
Warning (10034): Output port "VGA_R" at lab3.v(47) has no driver File: C:/Users/xutao/Desktop/Digital_Logic/Lab-3-Digital-Logic/lab3.v Line: 47
Warning (10034): Output port "DRAM_CAS_N" at lab3.v(16) has no driver File: C:/Users/xutao/Desktop/Digital_Logic/Lab-3-Digital-Logic/lab3.v Line: 16
Warning (10034): Output port "DRAM_CKE" at lab3.v(17) has no driver File: C:/Users/xutao/Desktop/Digital_Logic/Lab-3-Digital-Logic/lab3.v Line: 17
Warning (10034): Output port "DRAM_CLK" at lab3.v(18) has no driver File: C:/Users/xutao/Desktop/Digital_Logic/Lab-3-Digital-Logic/lab3.v Line: 18
Warning (10034): Output port "DRAM_CS_N" at lab3.v(19) has no driver File: C:/Users/xutao/Desktop/Digital_Logic/Lab-3-Digital-Logic/lab3.v Line: 19
Warning (10034): Output port "DRAM_LDQM" at lab3.v(21) has no driver File: C:/Users/xutao/Desktop/Digital_Logic/Lab-3-Digital-Logic/lab3.v Line: 21
Warning (10034): Output port "DRAM_RAS_N" at lab3.v(22) has no driver File: C:/Users/xutao/Desktop/Digital_Logic/Lab-3-Digital-Logic/lab3.v Line: 22
Warning (10034): Output port "DRAM_UDQM" at lab3.v(23) has no driver File: C:/Users/xutao/Desktop/Digital_Logic/Lab-3-Digital-Logic/lab3.v Line: 23
Warning (10034): Output port "DRAM_WE_N" at lab3.v(24) has no driver File: C:/Users/xutao/Desktop/Digital_Logic/Lab-3-Digital-Logic/lab3.v Line: 24
Warning (10034): Output port "VGA_HS" at lab3.v(46) has no driver File: C:/Users/xutao/Desktop/Digital_Logic/Lab-3-Digital-Logic/lab3.v Line: 46
Warning (10034): Output port "VGA_VS" at lab3.v(48) has no driver File: C:/Users/xutao/Desktop/Digital_Logic/Lab-3-Digital-Logic/lab3.v Line: 48
Warning (10034): Output port "GSENSOR_CS_N" at lab3.v(51) has no driver File: C:/Users/xutao/Desktop/Digital_Logic/Lab-3-Digital-Logic/lab3.v Line: 51
Warning (10034): Output port "GSENSOR_SCLK" at lab3.v(53) has no driver File: C:/Users/xutao/Desktop/Digital_Logic/Lab-3-Digital-Logic/lab3.v Line: 53
Warning (12125): Using design file clock_divider.v, which is not specified as a design file for the current project, but contains definitions for 1 design units and 1 entities in project
    Info (12023): Found entity 1: clock_divider File: C:/Users/xutao/Desktop/Digital_Logic/Lab-3-Digital-Logic/clock_divider.v Line: 1
Info (12128): Elaborating entity "clock_divider" for hierarchy "clock_divider:system_control" File: C:/Users/xutao/Desktop/Digital_Logic/Lab-3-Digital-Logic/lab3.v Line: 111
Warning (10230): Verilog HDL assignment warning at clock_divider.v(23): truncated value with size 32 to match size of target (24) File: C:/Users/xutao/Desktop/Digital_Logic/Lab-3-Digital-Logic/clock_divider.v Line: 23
Info (12128): Elaborating entity "mem" for hierarchy "mem:auto_state" File: C:/Users/xutao/Desktop/Digital_Logic/Lab-3-Digital-Logic/lab3.v Line: 126
Info (12128): Elaborating entity "altsyncram" for hierarchy "mem:auto_state|altsyncram:altsyncram_component" File: C:/Users/xutao/Desktop/Digital_Logic/Lab-3-Digital-Logic/mem.v Line: 81
Info (12130): Elaborated megafunction instantiation "mem:auto_state|altsyncram:altsyncram_component" File: C:/Users/xutao/Desktop/Digital_Logic/Lab-3-Digital-Logic/mem.v Line: 81
Info (12133): Instantiated megafunction "mem:auto_state|altsyncram:altsyncram_component" with the following parameter: File: C:/Users/xutao/Desktop/Digital_Logic/Lab-3-Digital-Logic/mem.v Line: 81
    Info (12134): Parameter "address_aclr_a" = "NONE"
    Info (12134): Parameter "clock_enable_input_a" = "BYPASS"
    Info (12134): Parameter "clock_enable_output_a" = "BYPASS"
    Info (12134): Parameter "init_file" = "memory.mif"
    Info (12134): Parameter "intended_device_family" = "MAX 10"
    Info (12134): Parameter "lpm_hint" = "ENABLE_RUNTIME_MOD=NO"
    Info (12134): Parameter "lpm_type" = "altsyncram"
    Info (12134): Parameter "numwords_a" = "4"
    Info (12134): Parameter "operation_mode" = "ROM"
    Info (12134): Parameter "outdata_aclr_a" = "NONE"
    Info (12134): Parameter "outdata_reg_a" = "UNREGISTERED"
    Info (12134): Parameter "widthad_a" = "2"
    Info (12134): Parameter "width_a" = "2"
    Info (12134): Parameter "width_byteena_a" = "1"
Info (12021): Found 1 design units, including 1 entities, in source file db/altsyncram_f691.tdf
    Info (12023): Found entity 1: altsyncram_f691 File: C:/Users/xutao/Desktop/Digital_Logic/Lab-3-Digital-Logic/db/altsyncram_f691.tdf Line: 27
Info (12128): Elaborating entity "altsyncram_f691" for hierarchy "mem:auto_state|altsyncram:altsyncram_component|altsyncram_f691:auto_generated" File: c:/intelfpga_lite/18.1/quartus/libraries/megafunctions/altsyncram.tdf Line: 791
Warning (12125): Using design file output_control.v, which is not specified as a design file for the current project, but contains definitions for 1 design units and 1 entities in project
    Info (12023): Found entity 1: output_control File: C:/Users/xutao/Desktop/Digital_Logic/Lab-3-Digital-Logic/output_control.v Line: 1
Info (12128): Elaborating entity "output_control" for hierarchy "output_control:control_output" File: C:/Users/xutao/Desktop/Digital_Logic/Lab-3-Digital-Logic/lab3.v Line: 135
Warning (10235): Verilog HDL Always Construct warning at output_control.v(25): variable "hazard_assignment" is read inside the Always Construct but isn't in the Always Construct's Event Control File: C:/Users/xutao/Desktop/Digital_Logic/Lab-3-Digital-Logic/output_control.v Line: 25
Warning (10235): Verilog HDL Always Construct warning at output_control.v(26): variable "hazard_assignment" is read inside the Always Construct but isn't in the Always Construct's Event Control File: C:/Users/xutao/Desktop/Digital_Logic/Lab-3-Digital-Logic/output_control.v Line: 26
Warning (10235): Verilog HDL Always Construct warning at output_control.v(30): variable "left_right" is read inside the Always Construct but isn't in the Always Construct's Event Control File: C:/Users/xutao/Desktop/Digital_Logic/Lab-3-Digital-Logic/output_control.v Line: 30
Warning (10235): Verilog HDL Always Construct warning at output_control.v(31): variable "led_assignment" is read inside the Always Construct but isn't in the Always Construct's Event Control File: C:/Users/xutao/Desktop/Digital_Logic/Lab-3-Digital-Logic/output_control.v Line: 31
Warning (10235): Verilog HDL Always Construct warning at output_control.v(36): variable "led_assignment" is read inside the Always Construct but isn't in the Always Construct's Event Control File: C:/Users/xutao/Desktop/Digital_Logic/Lab-3-Digital-Logic/output_control.v Line: 36
Warning (10240): Verilog HDL Always Construct warning at output_control.v(19): inferring latch(es) for variable "LEDR", which holds its previous value in one or more paths through the always construct File: C:/Users/xutao/Desktop/Digital_Logic/Lab-3-Digital-Logic/output_control.v Line: 19
Warning (10240): Verilog HDL Always Construct warning at output_control.v(48): inferring latch(es) for variable "left_right", which holds its previous value in one or more paths through the always construct File: C:/Users/xutao/Desktop/Digital_Logic/Lab-3-Digital-Logic/output_control.v Line: 48
Info (10041): Inferred latch for "left_right" at output_control.v(53) File: C:/Users/xutao/Desktop/Digital_Logic/Lab-3-Digital-Logic/output_control.v Line: 53
Info (10041): Inferred latch for "LEDR[3]" at output_control.v(24) File: C:/Users/xutao/Desktop/Digital_Logic/Lab-3-Digital-Logic/output_control.v Line: 24
Info (10041): Inferred latch for "LEDR[4]" at output_control.v(24) File: C:/Users/xutao/Desktop/Digital_Logic/Lab-3-Digital-Logic/output_control.v Line: 24
Info (10041): Inferred latch for "LEDR[5]" at output_control.v(24) File: C:/Users/xutao/Desktop/Digital_Logic/Lab-3-Digital-Logic/output_control.v Line: 24
Info (10041): Inferred latch for "LEDR[6]" at output_control.v(24) File: C:/Users/xutao/Desktop/Digital_Logic/Lab-3-Digital-Logic/output_control.v Line: 24
Warning (12125): Using design file sevenseg.v, which is not specified as a design file for the current project, but contains definitions for 1 design units and 1 entities in project
    Info (12023): Found entity 1: sevenseg File: C:/Users/xutao/Desktop/Digital_Logic/Lab-3-Digital-Logic/sevenseg.v Line: 1
Info (12128): Elaborating entity "sevenseg" for hierarchy "output_control:control_output|sevenseg:currentstate" File: C:/Users/xutao/Desktop/Digital_Logic/Lab-3-Digital-Logic/output_control.v Line: 61
Warning (12125): Using design file turn_lights.v, which is not specified as a design file for the current project, but contains definitions for 1 design units and 1 entities in project
    Info (12023): Found entity 1: turn_lights File: C:/Users/xutao/Desktop/Digital_Logic/Lab-3-Digital-Logic/turn_lights.v Line: 1
Info (12128): Elaborating entity "turn_lights" for hierarchy "output_control:control_output|turn_lights:control" File: C:/Users/xutao/Desktop/Digital_Logic/Lab-3-Digital-Logic/output_control.v Line: 70
Warning (12125): Using design file hazard_lights.v, which is not specified as a design file for the current project, but contains definitions for 1 design units and 1 entities in project
    Info (12023): Found entity 1: hazard_lights File: C:/Users/xutao/Desktop/Digital_Logic/Lab-3-Digital-Logic/hazard_lights.v Line: 1
Info (12128): Elaborating entity "hazard_lights" for hierarchy "output_control:control_output|hazard_lights:hazard_control" File: C:/Users/xutao/Desktop/Digital_Logic/Lab-3-Digital-Logic/output_control.v Line: 77
Warning (13039): The following bidirectional pins have no drivers
    Warning (13040): bidirectional pin "DRAM_DQ[0]" has no driver File: C:/Users/xutao/Desktop/Digital_Logic/Lab-3-Digital-Logic/lab3.v Line: 20
    Warning (13040): bidirectional pin "DRAM_DQ[1]" has no driver File: C:/Users/xutao/Desktop/Digital_Logic/Lab-3-Digital-Logic/lab3.v Line: 20
    Warning (13040): bidirectional pin "DRAM_DQ[2]" has no driver File: C:/Users/xutao/Desktop/Digital_Logic/Lab-3-Digital-Logic/lab3.v Line: 20
    Warning (13040): bidirectional pin "DRAM_DQ[3]" has no driver File: C:/Users/xutao/Desktop/Digital_Logic/Lab-3-Digital-Logic/lab3.v Line: 20
    Warning (13040): bidirectional pin "DRAM_DQ[4]" has no driver File: C:/Users/xutao/Desktop/Digital_Logic/Lab-3-Digital-Logic/lab3.v Line: 20
    Warning (13040): bidirectional pin "DRAM_DQ[5]" has no driver File: C:/Users/xutao/Desktop/Digital_Logic/Lab-3-Digital-Logic/lab3.v Line: 20
    Warning (13040): bidirectional pin "DRAM_DQ[6]" has no driver File: C:/Users/xutao/Desktop/Digital_Logic/Lab-3-Digital-Logic/lab3.v Line: 20
    Warning (13040): bidirectional pin "DRAM_DQ[7]" has no driver File: C:/Users/xutao/Desktop/Digital_Logic/Lab-3-Digital-Logic/lab3.v Line: 20
    Warning (13040): bidirectional pin "DRAM_DQ[8]" has no driver File: C:/Users/xutao/Desktop/Digital_Logic/Lab-3-Digital-Logic/lab3.v Line: 20
    Warning (13040): bidirectional pin "DRAM_DQ[9]" has no driver File: C:/Users/xutao/Desktop/Digital_Logic/Lab-3-Digital-Logic/lab3.v Line: 20
    Warning (13040): bidirectional pin "DRAM_DQ[10]" has no driver File: C:/Users/xutao/Desktop/Digital_Logic/Lab-3-Digital-Logic/lab3.v Line: 20
    Warning (13040): bidirectional pin "DRAM_DQ[11]" has no driver File: C:/Users/xutao/Desktop/Digital_Logic/Lab-3-Digital-Logic/lab3.v Line: 20
    Warning (13040): bidirectional pin "DRAM_DQ[12]" has no driver File: C:/Users/xutao/Desktop/Digital_Logic/Lab-3-Digital-Logic/lab3.v Line: 20
    Warning (13040): bidirectional pin "DRAM_DQ[13]" has no driver File: C:/Users/xutao/Desktop/Digital_Logic/Lab-3-Digital-Logic/lab3.v Line: 20
    Warning (13040): bidirectional pin "DRAM_DQ[14]" has no driver File: C:/Users/xutao/Desktop/Digital_Logic/Lab-3-Digital-Logic/lab3.v Line: 20
    Warning (13040): bidirectional pin "DRAM_DQ[15]" has no driver File: C:/Users/xutao/Desktop/Digital_Logic/Lab-3-Digital-Logic/lab3.v Line: 20
    Warning (13040): bidirectional pin "GSENSOR_SDI" has no driver File: C:/Users/xutao/Desktop/Digital_Logic/Lab-3-Digital-Logic/lab3.v Line: 54
    Warning (13040): bidirectional pin "GSENSOR_SDO" has no driver File: C:/Users/xutao/Desktop/Digital_Logic/Lab-3-Digital-Logic/lab3.v Line: 55
    Warning (13040): bidirectional pin "ARDUINO_IO[0]" has no driver File: C:/Users/xutao/Desktop/Digital_Logic/Lab-3-Digital-Logic/lab3.v Line: 58
    Warning (13040): bidirectional pin "ARDUINO_IO[1]" has no driver File: C:/Users/xutao/Desktop/Digital_Logic/Lab-3-Digital-Logic/lab3.v Line: 58
    Warning (13040): bidirectional pin "ARDUINO_IO[2]" has no driver File: C:/Users/xutao/Desktop/Digital_Logic/Lab-3-Digital-Logic/lab3.v Line: 58
    Warning (13040): bidirectional pin "ARDUINO_IO[3]" has no driver File: C:/Users/xutao/Desktop/Digital_Logic/Lab-3-Digital-Logic/lab3.v Line: 58
    Warning (13040): bidirectional pin "ARDUINO_IO[4]" has no driver File: C:/Users/xutao/Desktop/Digital_Logic/Lab-3-Digital-Logic/lab3.v Line: 58
    Warning (13040): bidirectional pin "ARDUINO_IO[5]" has no driver File: C:/Users/xutao/Desktop/Digital_Logic/Lab-3-Digital-Logic/lab3.v Line: 58
    Warning (13040): bidirectional pin "ARDUINO_IO[6]" has no driver File: C:/Users/xutao/Desktop/Digital_Logic/Lab-3-Digital-Logic/lab3.v Line: 58
    Warning (13040): bidirectional pin "ARDUINO_IO[7]" has no driver File: C:/Users/xutao/Desktop/Digital_Logic/Lab-3-Digital-Logic/lab3.v Line: 58
    Warning (13040): bidirectional pin "ARDUINO_IO[8]" has no driver File: C:/Users/xutao/Desktop/Digital_Logic/Lab-3-Digital-Logic/lab3.v Line: 58
    Warning (13040): bidirectional pin "ARDUINO_IO[9]" has no driver File: C:/Users/xutao/Desktop/Digital_Logic/Lab-3-Digital-Logic/lab3.v Line: 58
    Warning (13040): bidirectional pin "ARDUINO_IO[10]" has no driver File: C:/Users/xutao/Desktop/Digital_Logic/Lab-3-Digital-Logic/lab3.v Line: 58
    Warning (13040): bidirectional pin "ARDUINO_IO[11]" has no driver File: C:/Users/xutao/Desktop/Digital_Logic/Lab-3-Digital-Logic/lab3.v Line: 58
    Warning (13040): bidirectional pin "ARDUINO_IO[12]" has no driver File: C:/Users/xutao/Desktop/Digital_Logic/Lab-3-Digital-Logic/lab3.v Line: 58
    Warning (13040): bidirectional pin "ARDUINO_IO[13]" has no driver File: C:/Users/xutao/Desktop/Digital_Logic/Lab-3-Digital-Logic/lab3.v Line: 58
    Warning (13040): bidirectional pin "ARDUINO_IO[14]" has no driver File: C:/Users/xutao/Desktop/Digital_Logic/Lab-3-Digital-Logic/lab3.v Line: 58
    Warning (13040): bidirectional pin "ARDUINO_IO[15]" has no driver File: C:/Users/xutao/Desktop/Digital_Logic/Lab-3-Digital-Logic/lab3.v Line: 58
    Warning (13040): bidirectional pin "ARDUINO_RESET_N" has no driver File: C:/Users/xutao/Desktop/Digital_Logic/Lab-3-Digital-Logic/lab3.v Line: 60
Warning (13024): Output pins are stuck at VCC or GND
    Warning (13410): Pin "DRAM_ADDR[0]" is stuck at GND File: C:/Users/xutao/Desktop/Digital_Logic/Lab-3-Digital-Logic/lab3.v Line: 14
    Warning (13410): Pin "DRAM_ADDR[1]" is stuck at GND File: C:/Users/xutao/Desktop/Digital_Logic/Lab-3-Digital-Logic/lab3.v Line: 14
    Warning (13410): Pin "DRAM_ADDR[2]" is stuck at GND File: C:/Users/xutao/Desktop/Digital_Logic/Lab-3-Digital-Logic/lab3.v Line: 14
    Warning (13410): Pin "DRAM_ADDR[3]" is stuck at GND File: C:/Users/xutao/Desktop/Digital_Logic/Lab-3-Digital-Logic/lab3.v Line: 14
    Warning (13410): Pin "DRAM_ADDR[4]" is stuck at GND File: C:/Users/xutao/Desktop/Digital_Logic/Lab-3-Digital-Logic/lab3.v Line: 14
    Warning (13410): Pin "DRAM_ADDR[5]" is stuck at GND File: C:/Users/xutao/Desktop/Digital_Logic/Lab-3-Digital-Logic/lab3.v Line: 14
    Warning (13410): Pin "DRAM_ADDR[6]" is stuck at GND File: C:/Users/xutao/Desktop/Digital_Logic/Lab-3-Digital-Logic/lab3.v Line: 14
    Warning (13410): Pin "DRAM_ADDR[7]" is stuck at GND File: C:/Users/xutao/Desktop/Digital_Logic/Lab-3-Digital-Logic/lab3.v Line: 14
    Warning (13410): Pin "DRAM_ADDR[8]" is stuck at GND File: C:/Users/xutao/Desktop/Digital_Logic/Lab-3-Digital-Logic/lab3.v Line: 14
    Warning (13410): Pin "DRAM_ADDR[9]" is stuck at GND File: C:/Users/xutao/Desktop/Digital_Logic/Lab-3-Digital-Logic/lab3.v Line: 14
    Warning (13410): Pin "DRAM_ADDR[10]" is stuck at GND File: C:/Users/xutao/Desktop/Digital_Logic/Lab-3-Digital-Logic/lab3.v Line: 14
    Warning (13410): Pin "DRAM_ADDR[11]" is stuck at GND File: C:/Users/xutao/Desktop/Digital_Logic/Lab-3-Digital-Logic/lab3.v Line: 14
    Warning (13410): Pin "DRAM_ADDR[12]" is stuck at GND File: C:/Users/xutao/Desktop/Digital_Logic/Lab-3-Digital-Logic/lab3.v Line: 14
    Warning (13410): Pin "DRAM_BA[0]" is stuck at GND File: C:/Users/xutao/Desktop/Digital_Logic/Lab-3-Digital-Logic/lab3.v Line: 15
    Warning (13410): Pin "DRAM_BA[1]" is stuck at GND File: C:/Users/xutao/Desktop/Digital_Logic/Lab-3-Digital-Logic/lab3.v Line: 15
    Warning (13410): Pin "DRAM_CAS_N" is stuck at GND File: C:/Users/xutao/Desktop/Digital_Logic/Lab-3-Digital-Logic/lab3.v Line: 16
    Warning (13410): Pin "DRAM_CKE" is stuck at GND File: C:/Users/xutao/Desktop/Digital_Logic/Lab-3-Digital-Logic/lab3.v Line: 17
    Warning (13410): Pin "DRAM_CLK" is stuck at GND File: C:/Users/xutao/Desktop/Digital_Logic/Lab-3-Digital-Logic/lab3.v Line: 18
    Warning (13410): Pin "DRAM_CS_N" is stuck at GND File: C:/Users/xutao/Desktop/Digital_Logic/Lab-3-Digital-Logic/lab3.v Line: 19
    Warning (13410): Pin "DRAM_LDQM" is stuck at GND File: C:/Users/xutao/Desktop/Digital_Logic/Lab-3-Digital-Logic/lab3.v Line: 21
    Warning (13410): Pin "DRAM_RAS_N" is stuck at GND File: C:/Users/xutao/Desktop/Digital_Logic/Lab-3-Digital-Logic/lab3.v Line: 22
    Warning (13410): Pin "DRAM_UDQM" is stuck at GND File: C:/Users/xutao/Desktop/Digital_Logic/Lab-3-Digital-Logic/lab3.v Line: 23
    Warning (13410): Pin "DRAM_WE_N" is stuck at GND File: C:/Users/xutao/Desktop/Digital_Logic/Lab-3-Digital-Logic/lab3.v Line: 24
    Warning (13410): Pin "HEX0[1]" is stuck at GND File: C:/Users/xutao/Desktop/Digital_Logic/Lab-3-Digital-Logic/lab3.v Line: 27
    Warning (13410): Pin "HEX0[7]" is stuck at VCC File: C:/Users/xutao/Desktop/Digital_Logic/Lab-3-Digital-Logic/lab3.v Line: 27
    Warning (13410): Pin "HEX1[0]" is stuck at VCC File: C:/Users/xutao/Desktop/Digital_Logic/Lab-3-Digital-Logic/lab3.v Line: 28
    Warning (13410): Pin "HEX1[1]" is stuck at VCC File: C:/Users/xutao/Desktop/Digital_Logic/Lab-3-Digital-Logic/lab3.v Line: 28
    Warning (13410): Pin "HEX1[2]" is stuck at VCC File: C:/Users/xutao/Desktop/Digital_Logic/Lab-3-Digital-Logic/lab3.v Line: 28
    Warning (13410): Pin "HEX1[3]" is stuck at VCC File: C:/Users/xutao/Desktop/Digital_Logic/Lab-3-Digital-Logic/lab3.v Line: 28
    Warning (13410): Pin "HEX1[4]" is stuck at VCC File: C:/Users/xutao/Desktop/Digital_Logic/Lab-3-Digital-Logic/lab3.v Line: 28
    Warning (13410): Pin "HEX1[5]" is stuck at VCC File: C:/Users/xutao/Desktop/Digital_Logic/Lab-3-Digital-Logic/lab3.v Line: 28
    Warning (13410): Pin "HEX1[6]" is stuck at VCC File: C:/Users/xutao/Desktop/Digital_Logic/Lab-3-Digital-Logic/lab3.v Line: 28
    Warning (13410): Pin "HEX1[7]" is stuck at VCC File: C:/Users/xutao/Desktop/Digital_Logic/Lab-3-Digital-Logic/lab3.v Line: 28
    Warning (13410): Pin "HEX2[0]" is stuck at VCC File: C:/Users/xutao/Desktop/Digital_Logic/Lab-3-Digital-Logic/lab3.v Line: 29
    Warning (13410): Pin "HEX2[1]" is stuck at VCC File: C:/Users/xutao/Desktop/Digital_Logic/Lab-3-Digital-Logic/lab3.v Line: 29
    Warning (13410): Pin "HEX2[2]" is stuck at VCC File: C:/Users/xutao/Desktop/Digital_Logic/Lab-3-Digital-Logic/lab3.v Line: 29
    Warning (13410): Pin "HEX2[3]" is stuck at VCC File: C:/Users/xutao/Desktop/Digital_Logic/Lab-3-Digital-Logic/lab3.v Line: 29
    Warning (13410): Pin "HEX2[4]" is stuck at VCC File: C:/Users/xutao/Desktop/Digital_Logic/Lab-3-Digital-Logic/lab3.v Line: 29
    Warning (13410): Pin "HEX2[5]" is stuck at VCC File: C:/Users/xutao/Desktop/Digital_Logic/Lab-3-Digital-Logic/lab3.v Line: 29
    Warning (13410): Pin "HEX2[6]" is stuck at VCC File: C:/Users/xutao/Desktop/Digital_Logic/Lab-3-Digital-Logic/lab3.v Line: 29
    Warning (13410): Pin "HEX2[7]" is stuck at VCC File: C:/Users/xutao/Desktop/Digital_Logic/Lab-3-Digital-Logic/lab3.v Line: 29
    Warning (13410): Pin "HEX3[0]" is stuck at VCC File: C:/Users/xutao/Desktop/Digital_Logic/Lab-3-Digital-Logic/lab3.v Line: 30
    Warning (13410): Pin "HEX3[1]" is stuck at VCC File: C:/Users/xutao/Desktop/Digital_Logic/Lab-3-Digital-Logic/lab3.v Line: 30
    Warning (13410): Pin "HEX3[2]" is stuck at VCC File: C:/Users/xutao/Desktop/Digital_Logic/Lab-3-Digital-Logic/lab3.v Line: 30
    Warning (13410): Pin "HEX3[3]" is stuck at VCC File: C:/Users/xutao/Desktop/Digital_Logic/Lab-3-Digital-Logic/lab3.v Line: 30
    Warning (13410): Pin "HEX3[4]" is stuck at VCC File: C:/Users/xutao/Desktop/Digital_Logic/Lab-3-Digital-Logic/lab3.v Line: 30
    Warning (13410): Pin "HEX3[5]" is stuck at VCC File: C:/Users/xutao/Desktop/Digital_Logic/Lab-3-Digital-Logic/lab3.v Line: 30
    Warning (13410): Pin "HEX3[6]" is stuck at VCC File: C:/Users/xutao/Desktop/Digital_Logic/Lab-3-Digital-Logic/lab3.v Line: 30
    Warning (13410): Pin "HEX3[7]" is stuck at VCC File: C:/Users/xutao/Desktop/Digital_Logic/Lab-3-Digital-Logic/lab3.v Line: 30
    Warning (13410): Pin "HEX4[0]" is stuck at VCC File: C:/Users/xutao/Desktop/Digital_Logic/Lab-3-Digital-Logic/lab3.v Line: 31
    Warning (13410): Pin "HEX4[1]" is stuck at VCC File: C:/Users/xutao/Desktop/Digital_Logic/Lab-3-Digital-Logic/lab3.v Line: 31
    Warning (13410): Pin "HEX4[2]" is stuck at VCC File: C:/Users/xutao/Desktop/Digital_Logic/Lab-3-Digital-Logic/lab3.v Line: 31
    Warning (13410): Pin "HEX4[3]" is stuck at VCC File: C:/Users/xutao/Desktop/Digital_Logic/Lab-3-Digital-Logic/lab3.v Line: 31
    Warning (13410): Pin "HEX4[4]" is stuck at VCC File: C:/Users/xutao/Desktop/Digital_Logic/Lab-3-Digital-Logic/lab3.v Line: 31
    Warning (13410): Pin "HEX4[5]" is stuck at VCC File: C:/Users/xutao/Desktop/Digital_Logic/Lab-3-Digital-Logic/lab3.v Line: 31
    Warning (13410): Pin "HEX4[6]" is stuck at VCC File: C:/Users/xutao/Desktop/Digital_Logic/Lab-3-Digital-Logic/lab3.v Line: 31
    Warning (13410): Pin "HEX4[7]" is stuck at VCC File: C:/Users/xutao/Desktop/Digital_Logic/Lab-3-Digital-Logic/lab3.v Line: 31
    Warning (13410): Pin "HEX5[0]" is stuck at VCC File: C:/Users/xutao/Desktop/Digital_Logic/Lab-3-Digital-Logic/lab3.v Line: 32
    Warning (13410): Pin "HEX5[1]" is stuck at VCC File: C:/Users/xutao/Desktop/Digital_Logic/Lab-3-Digital-Logic/lab3.v Line: 32
    Warning (13410): Pin "HEX5[2]" is stuck at VCC File: C:/Users/xutao/Desktop/Digital_Logic/Lab-3-Digital-Logic/lab3.v Line: 32
    Warning (13410): Pin "HEX5[3]" is stuck at VCC File: C:/Users/xutao/Desktop/Digital_Logic/Lab-3-Digital-Logic/lab3.v Line: 32
    Warning (13410): Pin "HEX5[4]" is stuck at VCC File: C:/Users/xutao/Desktop/Digital_Logic/Lab-3-Digital-Logic/lab3.v Line: 32
    Warning (13410): Pin "HEX5[5]" is stuck at VCC File: C:/Users/xutao/Desktop/Digital_Logic/Lab-3-Digital-Logic/lab3.v Line: 32
    Warning (13410): Pin "HEX5[6]" is stuck at VCC File: C:/Users/xutao/Desktop/Digital_Logic/Lab-3-Digital-Logic/lab3.v Line: 32
    Warning (13410): Pin "HEX5[7]" is stuck at VCC File: C:/Users/xutao/Desktop/Digital_Logic/Lab-3-Digital-Logic/lab3.v Line: 32
    Warning (13410): Pin "LEDR[3]" is stuck at GND File: C:/Users/xutao/Desktop/Digital_Logic/Lab-3-Digital-Logic/lab3.v Line: 38
    Warning (13410): Pin "LEDR[4]" is stuck at GND File: C:/Users/xutao/Desktop/Digital_Logic/Lab-3-Digital-Logic/lab3.v Line: 38
    Warning (13410): Pin "LEDR[5]" is stuck at GND File: C:/Users/xutao/Desktop/Digital_Logic/Lab-3-Digital-Logic/lab3.v Line: 38
    Warning (13410): Pin "LEDR[6]" is stuck at GND File: C:/Users/xutao/Desktop/Digital_Logic/Lab-3-Digital-Logic/lab3.v Line: 38
    Warning (13410): Pin "VGA_B[0]" is stuck at GND File: C:/Users/xutao/Desktop/Digital_Logic/Lab-3-Digital-Logic/lab3.v Line: 44
    Warning (13410): Pin "VGA_B[1]" is stuck at GND File: C:/Users/xutao/Desktop/Digital_Logic/Lab-3-Digital-Logic/lab3.v Line: 44
    Warning (13410): Pin "VGA_B[2]" is stuck at GND File: C:/Users/xutao/Desktop/Digital_Logic/Lab-3-Digital-Logic/lab3.v Line: 44
    Warning (13410): Pin "VGA_B[3]" is stuck at GND File: C:/Users/xutao/Desktop/Digital_Logic/Lab-3-Digital-Logic/lab3.v Line: 44
    Warning (13410): Pin "VGA_G[0]" is stuck at GND File: C:/Users/xutao/Desktop/Digital_Logic/Lab-3-Digital-Logic/lab3.v Line: 45
    Warning (13410): Pin "VGA_G[1]" is stuck at GND File: C:/Users/xutao/Desktop/Digital_Logic/Lab-3-Digital-Logic/lab3.v Line: 45
    Warning (13410): Pin "VGA_G[2]" is stuck at GND File: C:/Users/xutao/Desktop/Digital_Logic/Lab-3-Digital-Logic/lab3.v Line: 45
    Warning (13410): Pin "VGA_G[3]" is stuck at GND File: C:/Users/xutao/Desktop/Digital_Logic/Lab-3-Digital-Logic/lab3.v Line: 45
    Warning (13410): Pin "VGA_HS" is stuck at GND File: C:/Users/xutao/Desktop/Digital_Logic/Lab-3-Digital-Logic/lab3.v Line: 46
    Warning (13410): Pin "VGA_R[0]" is stuck at GND File: C:/Users/xutao/Desktop/Digital_Logic/Lab-3-Digital-Logic/lab3.v Line: 47
    Warning (13410): Pin "VGA_R[1]" is stuck at GND File: C:/Users/xutao/Desktop/Digital_Logic/Lab-3-Digital-Logic/lab3.v Line: 47
    Warning (13410): Pin "VGA_R[2]" is stuck at GND File: C:/Users/xutao/Desktop/Digital_Logic/Lab-3-Digital-Logic/lab3.v Line: 47
    Warning (13410): Pin "VGA_R[3]" is stuck at GND File: C:/Users/xutao/Desktop/Digital_Logic/Lab-3-Digital-Logic/lab3.v Line: 47
    Warning (13410): Pin "VGA_VS" is stuck at GND File: C:/Users/xutao/Desktop/Digital_Logic/Lab-3-Digital-Logic/lab3.v Line: 48
    Warning (13410): Pin "GSENSOR_CS_N" is stuck at GND File: C:/Users/xutao/Desktop/Digital_Logic/Lab-3-Digital-Logic/lab3.v Line: 51
    Warning (13410): Pin "GSENSOR_SCLK" is stuck at GND File: C:/Users/xutao/Desktop/Digital_Logic/Lab-3-Digital-Logic/lab3.v Line: 53
Info (286030): Timing-Driven Synthesis is running
Info (144001): Generated suppressed messages file C:/Users/xutao/Desktop/Digital_Logic/Lab-3-Digital-Logic/Lab3.map.smsg
Info (16010): Generating hard_block partition "hard_block:auto_generated_inst"
    Info (16011): Adding 0 node(s), including 0 DDIO, 0 PLL, 0 transceiver and 0 LCELL
Warning (21074): Design contains 14 input pin(s) that do not drive logic
    Warning (15610): No output dependent on input pin "MAX10_CLK1_50" File: C:/Users/xutao/Desktop/Digital_Logic/Lab-3-Digital-Logic/lab3.v Line: 10
    Warning (15610): No output dependent on input pin "MAX10_CLK2_50" File: C:/Users/xutao/Desktop/Digital_Logic/Lab-3-Digital-Logic/lab3.v Line: 11
    Warning (15610): No output dependent on input pin "SW[0]" File: C:/Users/xutao/Desktop/Digital_Logic/Lab-3-Digital-Logic/lab3.v Line: 41
    Warning (15610): No output dependent on input pin "SW[1]" File: C:/Users/xutao/Desktop/Digital_Logic/Lab-3-Digital-Logic/lab3.v Line: 41
    Warning (15610): No output dependent on input pin "SW[2]" File: C:/Users/xutao/Desktop/Digital_Logic/Lab-3-Digital-Logic/lab3.v Line: 41
    Warning (15610): No output dependent on input pin "SW[3]" File: C:/Users/xutao/Desktop/Digital_Logic/Lab-3-Digital-Logic/lab3.v Line: 41
    Warning (15610): No output dependent on input pin "SW[4]" File: C:/Users/xutao/Desktop/Digital_Logic/Lab-3-Digital-Logic/lab3.v Line: 41
    Warning (15610): No output dependent on input pin "SW[5]" File: C:/Users/xutao/Desktop/Digital_Logic/Lab-3-Digital-Logic/lab3.v Line: 41
    Warning (15610): No output dependent on input pin "SW[6]" File: C:/Users/xutao/Desktop/Digital_Logic/Lab-3-Digital-Logic/lab3.v Line: 41
    Warning (15610): No output dependent on input pin "SW[7]" File: C:/Users/xutao/Desktop/Digital_Logic/Lab-3-Digital-Logic/lab3.v Line: 41
    Warning (15610): No output dependent on input pin "SW[8]" File: C:/Users/xutao/Desktop/Digital_Logic/Lab-3-Digital-Logic/lab3.v Line: 41
    Warning (15610): No output dependent on input pin "SW[9]" File: C:/Users/xutao/Desktop/Digital_Logic/Lab-3-Digital-Logic/lab3.v Line: 41
    Warning (15610): No output dependent on input pin "GSENSOR_INT[1]" File: C:/Users/xutao/Desktop/Digital_Logic/Lab-3-Digital-Logic/lab3.v Line: 52
    Warning (15610): No output dependent on input pin "GSENSOR_INT[2]" File: C:/Users/xutao/Desktop/Digital_Logic/Lab-3-Digital-Logic/lab3.v Line: 52
Info (21057): Implemented 224 device resources after synthesis - the final resource count might be different
    Info (21058): Implemented 17 input pins
    Info (21059): Implemented 97 output pins
    Info (21060): Implemented 35 bidirectional pins
    Info (21061): Implemented 73 logic cells
    Info (21064): Implemented 2 RAM segments
Info: Quartus Prime Analysis & Synthesis was successful. 0 errors, 171 warnings
    Info: Peak virtual memory: 4781 megabytes
    Info: Processing ended: Wed Dec 11 19:41:49 2019
    Info: Elapsed time: 00:00:39
    Info: Total CPU time (on all processors): 00:01:10


+------------------------------------------+
; Analysis & Synthesis Suppressed Messages ;
+------------------------------------------+
The suppressed messages can be found in C:/Users/xutao/Desktop/Digital_Logic/Lab-3-Digital-Logic/Lab3.map.smsg.


